mode: set
tinder/internal/user/service/service.go:11.56,15.2 1 1
tinder/internal/user/service/user.go:12.105,15.27 2 1
tinder/internal/user/service/user.go:15.27,17.3 1 1
tinder/internal/user/service/user.go:19.2,23.22 3 1
tinder/internal/user/service/user.go:23.22,25.3 1 0
tinder/internal/user/service/user.go:26.2,26.21 1 1
tinder/internal/user/service/user.go:29.106,34.17 5 1
tinder/internal/user/service/user.go:34.17,36.3 1 0
tinder/internal/user/service/user.go:38.2,38.38 1 1
tinder/internal/user/service/user.go:38.38,40.3 1 0
tinder/internal/user/service/user.go:43.2,44.21 2 1
tinder/internal/user/service/user.go:45.19,46.29 1 1
tinder/internal/user/service/user.go:47.21,48.27 1 1
tinder/internal/user/service/user.go:50.2,54.32 5 1
tinder/internal/user/service/user.go:54.32,58.23 3 1
tinder/internal/user/service/user.go:58.23,60.4 1 0
tinder/internal/user/service/user.go:61.3,61.27 1 1
tinder/internal/user/service/user.go:61.27,63.4 1 0
tinder/internal/user/service/user.go:66.2,66.21 1 1
tinder/internal/user/service/user.go:69.77,72.45 3 1
tinder/internal/user/service/user.go:72.45,74.3 1 1
tinder/internal/user/service/user.go:75.2,76.12 2 1
tinder/internal/user/service/user.go:82.98,90.16 6 1
tinder/internal/user/service/user.go:90.16,92.3 1 0
tinder/internal/user/service/user.go:93.2,94.16 2 1
tinder/internal/user/service/user.go:94.16,96.3 1 0
tinder/internal/user/service/user.go:97.2,97.27 1 1
tinder/internal/user/service/user.go:97.27,100.3 1 0
tinder/internal/user/service/user.go:101.2,101.27 1 1
tinder/internal/user/service/user.go:101.27,104.3 1 1
tinder/internal/user/service/user.go:106.2,110.48 5 1
