mode: set
tinder/internal/user/service/service.go:11.56,15.2 1 1
tinder/internal/user/service/user.go:12.105,15.27 2 1
tinder/internal/user/service/user.go:15.27,17.3 1 1
tinder/internal/user/service/user.go:19.2,23.22 3 1
tinder/internal/user/service/user.go:23.22,25.3 1 0
tinder/internal/user/service/user.go:26.2,26.21 1 1
tinder/internal/user/service/user.go:29.106,33.17 4 1
tinder/internal/user/service/user.go:33.17,35.3 1 1
tinder/internal/user/service/user.go:37.2,37.38 1 1
tinder/internal/user/service/user.go:37.38,39.3 1 0
tinder/internal/user/service/user.go:42.2,43.21 2 1
tinder/internal/user/service/user.go:44.19,45.29 1 1
tinder/internal/user/service/user.go:46.21,47.27 1 1
tinder/internal/user/service/user.go:49.2,53.32 5 1
tinder/internal/user/service/user.go:53.32,57.23 3 1
tinder/internal/user/service/user.go:57.23,59.4 1 0
tinder/internal/user/service/user.go:60.3,60.27 1 1
tinder/internal/user/service/user.go:60.27,62.4 1 1
tinder/internal/user/service/user.go:65.2,65.21 1 1
tinder/internal/user/service/user.go:68.77,71.45 3 1
tinder/internal/user/service/user.go:71.45,73.3 1 1
tinder/internal/user/service/user.go:74.2,75.12 2 1
tinder/internal/user/service/user.go:81.98,87.16 4 1
tinder/internal/user/service/user.go:87.16,89.3 1 0
tinder/internal/user/service/user.go:90.2,91.16 2 1
tinder/internal/user/service/user.go:91.16,93.3 1 0
tinder/internal/user/service/user.go:94.2,94.27 1 1
tinder/internal/user/service/user.go:94.27,97.3 1 1
tinder/internal/user/service/user.go:98.2,98.27 1 1
tinder/internal/user/service/user.go:98.27,101.3 1 1
tinder/internal/user/service/user.go:103.2,103.48 1 1
